WARNING: You have mps device, to enable macOS GPU run with --mps.
-----------------------------------------------------------------------------------------
| end of epoch   1 | time:  5.94s | valid loss  5.37 | valid ppl   214.66
-----------------------------------------------------------------------------------------
-----------------------------------------------------------------------------------------
| end of epoch   2 | time:  5.85s | valid loss  4.82 | valid ppl   124.53
-----------------------------------------------------------------------------------------
-----------------------------------------------------------------------------------------
| end of epoch   3 | time:  5.55s | valid loss  4.56 | valid ppl    95.48
-----------------------------------------------------------------------------------------
-----------------------------------------------------------------------------------------
| end of epoch   4 | time:  5.74s | valid loss  4.42 | valid ppl    83.41
-----------------------------------------------------------------------------------------
-----------------------------------------------------------------------------------------
| end of epoch   5 | time:  5.63s | valid loss  4.35 | valid ppl    77.20
-----------------------------------------------------------------------------------------
-----------------------------------------------------------------------------------------
| end of epoch   6 | time:  5.62s | valid loss  4.30 | valid ppl    73.41
-----------------------------------------------------------------------------------------
-----------------------------------------------------------------------------------------
| end of epoch   7 | time:  5.74s | valid loss  4.25 | valid ppl    70.30
-----------------------------------------------------------------------------------------
-----------------------------------------------------------------------------------------
| end of epoch   8 | time:  5.65s | valid loss  4.22 | valid ppl    67.71
-----------------------------------------------------------------------------------------
-----------------------------------------------------------------------------------------
| end of epoch   9 | time:  5.57s | valid loss  4.20 | valid ppl    66.75
-----------------------------------------------------------------------------------------
-----------------------------------------------------------------------------------------
| end of epoch  10 | time:  5.62s | valid loss  4.18 | valid ppl    65.09
-----------------------------------------------------------------------------------------
-----------------------------------------------------------------------------------------
| end of epoch  11 | time:  5.57s | valid loss  4.17 | valid ppl    64.67
-----------------------------------------------------------------------------------------
-----------------------------------------------------------------------------------------
| end of epoch  12 | time:  5.67s | valid loss  4.17 | valid ppl    64.40
-----------------------------------------------------------------------------------------
-----------------------------------------------------------------------------------------
| end of epoch  13 | time:  5.93s | valid loss  4.16 | valid ppl    64.28
-----------------------------------------------------------------------------------------
-----------------------------------------------------------------------------------------
| end of epoch  14 | time:  5.67s | valid loss  4.17 | valid ppl    64.83
-----------------------------------------------------------------------------------------
-----------------------------------------------------------------------------------------
| end of epoch  15 | time:  5.71s | valid loss  4.09 | valid ppl    59.49
-----------------------------------------------------------------------------------------
-----------------------------------------------------------------------------------------
| end of epoch  16 | time:  6.91s | valid loss  4.08 | valid ppl    59.41
-----------------------------------------------------------------------------------------
-----------------------------------------------------------------------------------------
| end of epoch  17 | time:  6.27s | valid loss  4.09 | valid ppl    59.69
-----------------------------------------------------------------------------------------
-----------------------------------------------------------------------------------------
| end of epoch  18 | time:  5.89s | valid loss  4.07 | valid ppl    58.67
-----------------------------------------------------------------------------------------
-----------------------------------------------------------------------------------------
| end of epoch  19 | time:  5.96s | valid loss  4.07 | valid ppl    58.75
-----------------------------------------------------------------------------------------
-----------------------------------------------------------------------------------------
| end of epoch  20 | time:  5.76s | valid loss  4.07 | valid ppl    58.55
-----------------------------------------------------------------------------------------
