WARNING: You have mps device, to enable macOS GPU run with --mps.
-----------------------------------------------------------------------------------------
| end of epoch   1 | time:  5.91s | valid loss  5.42 | valid ppl   225.50
-----------------------------------------------------------------------------------------
-----------------------------------------------------------------------------------------
| end of epoch   2 | time:  5.80s | valid loss  5.03 | valid ppl   152.25
-----------------------------------------------------------------------------------------
-----------------------------------------------------------------------------------------
| end of epoch   3 | time:  5.57s | valid loss  4.87 | valid ppl   130.33
-----------------------------------------------------------------------------------------
-----------------------------------------------------------------------------------------
| end of epoch   4 | time:  5.63s | valid loss  4.77 | valid ppl   118.38
-----------------------------------------------------------------------------------------
-----------------------------------------------------------------------------------------
| end of epoch   5 | time:  5.89s | valid loss  4.72 | valid ppl   112.17
-----------------------------------------------------------------------------------------
-----------------------------------------------------------------------------------------
| end of epoch   6 | time:  8.03s | valid loss  4.65 | valid ppl   104.66
-----------------------------------------------------------------------------------------
-----------------------------------------------------------------------------------------
| end of epoch   7 | time:  5.87s | valid loss  4.59 | valid ppl    98.45
-----------------------------------------------------------------------------------------
-----------------------------------------------------------------------------------------
| end of epoch   8 | time:  6.20s | valid loss  4.55 | valid ppl    94.95
-----------------------------------------------------------------------------------------
-----------------------------------------------------------------------------------------
| end of epoch   9 | time:  5.63s | valid loss  4.53 | valid ppl    92.62
-----------------------------------------------------------------------------------------
-----------------------------------------------------------------------------------------
| end of epoch  10 | time:  5.79s | valid loss  4.51 | valid ppl    91.06
-----------------------------------------------------------------------------------------
-----------------------------------------------------------------------------------------
| end of epoch  11 | time:  5.88s | valid loss  4.49 | valid ppl    89.28
-----------------------------------------------------------------------------------------
-----------------------------------------------------------------------------------------
| end of epoch  12 | time:  5.59s | valid loss  4.47 | valid ppl    87.31
-----------------------------------------------------------------------------------------
-----------------------------------------------------------------------------------------
| end of epoch  13 | time:  5.60s | valid loss  4.46 | valid ppl    86.55
-----------------------------------------------------------------------------------------
-----------------------------------------------------------------------------------------
| end of epoch  14 | time:  5.65s | valid loss  4.44 | valid ppl    84.94
-----------------------------------------------------------------------------------------
-----------------------------------------------------------------------------------------
| end of epoch  15 | time:  5.91s | valid loss  4.44 | valid ppl    84.69
-----------------------------------------------------------------------------------------
-----------------------------------------------------------------------------------------
| end of epoch  16 | time:  5.71s | valid loss  4.42 | valid ppl    83.37
-----------------------------------------------------------------------------------------
-----------------------------------------------------------------------------------------
| end of epoch  17 | time:  5.62s | valid loss  4.42 | valid ppl    82.88
-----------------------------------------------------------------------------------------
-----------------------------------------------------------------------------------------
| end of epoch  18 | time:  5.78s | valid loss  4.40 | valid ppl    81.07
-----------------------------------------------------------------------------------------
-----------------------------------------------------------------------------------------
| end of epoch  19 | time:  5.84s | valid loss  4.39 | valid ppl    81.02
-----------------------------------------------------------------------------------------
-----------------------------------------------------------------------------------------
| end of epoch  20 | time:  6.01s | valid loss  4.39 | valid ppl    80.38
-----------------------------------------------------------------------------------------
