WARNING: You have mps device, to enable macOS GPU run with --mps.
-----------------------------------------------------------------------------------------
| end of epoch   1 | time:  5.42s | valid loss  5.62 | valid ppl   274.98
-----------------------------------------------------------------------------------------
-----------------------------------------------------------------------------------------
| end of epoch   2 | time:  5.59s | valid loss  4.90 | valid ppl   134.23
-----------------------------------------------------------------------------------------
-----------------------------------------------------------------------------------------
| end of epoch   3 | time:  5.52s | valid loss  4.63 | valid ppl   102.01
-----------------------------------------------------------------------------------------
-----------------------------------------------------------------------------------------
| end of epoch   4 | time:  5.53s | valid loss  4.51 | valid ppl    91.26
-----------------------------------------------------------------------------------------
-----------------------------------------------------------------------------------------
| end of epoch   5 | time:  5.44s | valid loss  4.46 | valid ppl    86.06
-----------------------------------------------------------------------------------------
-----------------------------------------------------------------------------------------
| end of epoch   6 | time:  5.41s | valid loss  4.47 | valid ppl    86.96
-----------------------------------------------------------------------------------------
-----------------------------------------------------------------------------------------
| end of epoch   7 | time:  5.50s | valid loss  4.24 | valid ppl    69.48
-----------------------------------------------------------------------------------------
-----------------------------------------------------------------------------------------
| end of epoch   8 | time:  5.60s | valid loss  4.26 | valid ppl    70.76
-----------------------------------------------------------------------------------------
-----------------------------------------------------------------------------------------
| end of epoch   9 | time:  5.55s | valid loss  4.23 | valid ppl    68.89
-----------------------------------------------------------------------------------------
-----------------------------------------------------------------------------------------
| end of epoch  10 | time:  5.79s | valid loss  4.24 | valid ppl    69.51
-----------------------------------------------------------------------------------------
-----------------------------------------------------------------------------------------
| end of epoch  11 | time:  5.73s | valid loss  4.24 | valid ppl    69.07
-----------------------------------------------------------------------------------------
-----------------------------------------------------------------------------------------
| end of epoch  12 | time:  5.66s | valid loss  4.23 | valid ppl    68.92
-----------------------------------------------------------------------------------------
-----------------------------------------------------------------------------------------
| end of epoch  13 | time:  5.84s | valid loss  4.23 | valid ppl    68.89
-----------------------------------------------------------------------------------------
-----------------------------------------------------------------------------------------
| end of epoch  14 | time:  6.35s | valid loss  4.23 | valid ppl    68.87
-----------------------------------------------------------------------------------------
-----------------------------------------------------------------------------------------
| end of epoch  15 | time:  5.86s | valid loss  4.23 | valid ppl    68.87
-----------------------------------------------------------------------------------------
-----------------------------------------------------------------------------------------
| end of epoch  16 | time:  6.39s | valid loss  4.23 | valid ppl    68.86
-----------------------------------------------------------------------------------------
-----------------------------------------------------------------------------------------
| end of epoch  17 | time:  5.67s | valid loss  4.23 | valid ppl    68.87
-----------------------------------------------------------------------------------------
-----------------------------------------------------------------------------------------
| end of epoch  18 | time:  5.94s | valid loss  4.23 | valid ppl    68.86
-----------------------------------------------------------------------------------------
-----------------------------------------------------------------------------------------
| end of epoch  19 | time:  6.17s | valid loss  4.23 | valid ppl    68.86
-----------------------------------------------------------------------------------------
-----------------------------------------------------------------------------------------
| end of epoch  20 | time:  5.73s | valid loss  4.23 | valid ppl    68.86
-----------------------------------------------------------------------------------------
