WARNING: You have mps device, to enable macOS GPU run with --mps.
-----------------------------------------------------------------------------------------
| end of epoch   1 | time:  6.22s | valid loss  5.34 | valid ppl   208.87
-----------------------------------------------------------------------------------------
-----------------------------------------------------------------------------------------
| end of epoch   2 | time:  5.73s | valid loss  4.86 | valid ppl   129.18
-----------------------------------------------------------------------------------------
-----------------------------------------------------------------------------------------
| end of epoch   3 | time:  5.52s | valid loss  4.63 | valid ppl   102.26
-----------------------------------------------------------------------------------------
-----------------------------------------------------------------------------------------
| end of epoch   4 | time:  5.43s | valid loss  4.46 | valid ppl    86.75
-----------------------------------------------------------------------------------------
-----------------------------------------------------------------------------------------
| end of epoch   5 | time:  5.51s | valid loss  4.40 | valid ppl    81.71
-----------------------------------------------------------------------------------------
-----------------------------------------------------------------------------------------
| end of epoch   6 | time:  5.51s | valid loss  4.34 | valid ppl    76.39
-----------------------------------------------------------------------------------------
-----------------------------------------------------------------------------------------
| end of epoch   7 | time:  5.69s | valid loss  4.29 | valid ppl    73.22
-----------------------------------------------------------------------------------------
-----------------------------------------------------------------------------------------
| end of epoch   8 | time:  5.70s | valid loss  4.26 | valid ppl    70.70
-----------------------------------------------------------------------------------------
-----------------------------------------------------------------------------------------
| end of epoch   9 | time:  6.08s | valid loss  4.22 | valid ppl    68.27
-----------------------------------------------------------------------------------------
-----------------------------------------------------------------------------------------
| end of epoch  10 | time:  5.92s | valid loss  4.21 | valid ppl    67.29
-----------------------------------------------------------------------------------------
-----------------------------------------------------------------------------------------
| end of epoch  11 | time:  6.00s | valid loss  4.19 | valid ppl    66.09
-----------------------------------------------------------------------------------------
-----------------------------------------------------------------------------------------
| end of epoch  12 | time:  5.66s | valid loss  4.17 | valid ppl    64.51
-----------------------------------------------------------------------------------------
-----------------------------------------------------------------------------------------
| end of epoch  13 | time:  5.76s | valid loss  4.16 | valid ppl    64.29
-----------------------------------------------------------------------------------------
-----------------------------------------------------------------------------------------
| end of epoch  14 | time:  5.63s | valid loss  4.14 | valid ppl    63.11
-----------------------------------------------------------------------------------------
-----------------------------------------------------------------------------------------
| end of epoch  15 | time:  5.91s | valid loss  4.15 | valid ppl    63.38
-----------------------------------------------------------------------------------------
-----------------------------------------------------------------------------------------
| end of epoch  16 | time:  5.61s | valid loss  4.07 | valid ppl    58.49
-----------------------------------------------------------------------------------------
-----------------------------------------------------------------------------------------
| end of epoch  17 | time:  5.64s | valid loss  4.06 | valid ppl    57.93
-----------------------------------------------------------------------------------------
-----------------------------------------------------------------------------------------
| end of epoch  18 | time:  5.79s | valid loss  4.06 | valid ppl    57.72
-----------------------------------------------------------------------------------------
-----------------------------------------------------------------------------------------
| end of epoch  19 | time:  5.73s | valid loss  4.06 | valid ppl    57.76
-----------------------------------------------------------------------------------------
-----------------------------------------------------------------------------------------
| end of epoch  20 | time:  5.64s | valid loss  4.04 | valid ppl    56.84
-----------------------------------------------------------------------------------------
