WARNING: You have mps device, to enable macOS GPU run with --mps.
-----------------------------------------------------------------------------------------
| end of epoch   1 | time:  6.16s | valid loss  5.50 | valid ppl   243.70
-----------------------------------------------------------------------------------------
-----------------------------------------------------------------------------------------
| end of epoch   2 | time:  5.84s | valid loss  4.87 | valid ppl   129.97
-----------------------------------------------------------------------------------------
-----------------------------------------------------------------------------------------
| end of epoch   3 | time:  6.44s | valid loss  4.57 | valid ppl    96.68
-----------------------------------------------------------------------------------------
-----------------------------------------------------------------------------------------
| end of epoch   4 | time:  5.83s | valid loss  4.44 | valid ppl    84.52
-----------------------------------------------------------------------------------------
-----------------------------------------------------------------------------------------
| end of epoch   5 | time:  5.61s | valid loss  4.40 | valid ppl    81.29
-----------------------------------------------------------------------------------------
-----------------------------------------------------------------------------------------
| end of epoch   6 | time:  5.75s | valid loss  4.32 | valid ppl    74.82
-----------------------------------------------------------------------------------------
-----------------------------------------------------------------------------------------
| end of epoch   7 | time:  5.64s | valid loss  4.32 | valid ppl    74.85
-----------------------------------------------------------------------------------------
-----------------------------------------------------------------------------------------
| end of epoch   8 | time:  5.84s | valid loss  4.16 | valid ppl    64.08
-----------------------------------------------------------------------------------------
-----------------------------------------------------------------------------------------
| end of epoch   9 | time:  6.05s | valid loss  4.15 | valid ppl    63.75
-----------------------------------------------------------------------------------------
-----------------------------------------------------------------------------------------
| end of epoch  10 | time:  5.97s | valid loss  4.16 | valid ppl    64.08
-----------------------------------------------------------------------------------------
-----------------------------------------------------------------------------------------
| end of epoch  11 | time:  5.94s | valid loss  4.13 | valid ppl    62.35
-----------------------------------------------------------------------------------------
-----------------------------------------------------------------------------------------
| end of epoch  12 | time:  5.98s | valid loss  4.13 | valid ppl    62.32
-----------------------------------------------------------------------------------------
-----------------------------------------------------------------------------------------
| end of epoch  13 | time:  5.99s | valid loss  4.13 | valid ppl    62.48
-----------------------------------------------------------------------------------------
-----------------------------------------------------------------------------------------
| end of epoch  14 | time:  5.71s | valid loss  4.13 | valid ppl    61.91
-----------------------------------------------------------------------------------------
-----------------------------------------------------------------------------------------
| end of epoch  15 | time:  5.92s | valid loss  4.12 | valid ppl    61.85
-----------------------------------------------------------------------------------------
-----------------------------------------------------------------------------------------
| end of epoch  16 | time:  5.82s | valid loss  4.13 | valid ppl    61.90
-----------------------------------------------------------------------------------------
-----------------------------------------------------------------------------------------
| end of epoch  17 | time:  5.61s | valid loss  4.12 | valid ppl    61.79
-----------------------------------------------------------------------------------------
-----------------------------------------------------------------------------------------
| end of epoch  18 | time:  5.81s | valid loss  4.12 | valid ppl    61.75
-----------------------------------------------------------------------------------------
-----------------------------------------------------------------------------------------
| end of epoch  19 | time:  5.71s | valid loss  4.12 | valid ppl    61.76
-----------------------------------------------------------------------------------------
-----------------------------------------------------------------------------------------
| end of epoch  20 | time:  5.73s | valid loss  4.12 | valid ppl    61.74
-----------------------------------------------------------------------------------------
